<?xml version="1.0" encoding="UTF-8"?>
<!-- Generated by org.testng.reporters.JUnitReportReporter -->
<testsuite hostname="DESKTOP-PUTS5QD" failures="0" tests="1" name="TestCases.TC1test" time="0.002" errors="0" timestamp="2023-10-03T11:35:58 GMT-04:00" skipped="0">
  <testcase classname="TestCases.TC1test" name="m1" time="0.002"/>
</testsuite> <!-- TestCases.TC1test -->
