<?xml version="1.0" encoding="UTF-8"?>
<!-- Generated by org.testng.reporters.JUnitReportReporter -->
<testsuite hostname="DESKTOP-PUTS5QD" failures="0" tests="1" name="TestCases.TC2test" time="0.001" errors="0" timestamp="2023-10-03T11:35:58 GMT-04:00" skipped="0">
  <testcase classname="TestCases.TC2test" name="m2" time="0.001"/>
</testsuite> <!-- TestCases.TC2test -->
