<?xml version="1.0" encoding="UTF-8"?>
<!-- Generated by org.testng.reporters.JUnitReportReporter -->
<testsuite hostname="DESKTOP-PUTS5QD" failures="0" tests="1" name="TestCases.TC3test" time="0.003" errors="0" timestamp="2023-10-03T11:35:58 GMT-04:00" skipped="0">
  <testcase classname="TestCases.TC3test" name="m3" time="0.003"/>
</testsuite> <!-- TestCases.TC3test -->
